  girl.cpp
c:\users\student\desktop\完成\girl.cpp(154): warning C4244: '引数': 'double' から 'FLOAT' への変換です。データが失われる可能性があります。
c:\users\student\desktop\完成\girl.cpp(155): warning C4244: '引数': 'double' から 'FLOAT' への変換です。データが失われる可能性があります。
c:\users\student\desktop\完成\girl.cpp(156): warning C4244: '引数': 'double' から 'FLOAT' への変換です。データが失われる可能性があります。
c:\users\student\desktop\完成\girl.cpp(157): warning C4244: '引数': 'double' から 'FLOAT' への変換です。データが失われる可能性があります。
  Sound.cpp
  コードを生成中...
  コンパイル中...
  unlimted.cpp
c:\users\student\desktop\完成\unlimted.cpp(226): warning C4244: '初期化中': 'float' から 'int' への変換です。データが失われる可能性があります。
c:\users\student\desktop\完成\unlimted.cpp(227): warning C4244: '初期化中': 'float' から 'int' への変換です。データが失われる可能性があります。
c:\users\student\desktop\完成\unlimted.cpp(261): warning C4244: '初期化中': 'float' から 'int' への変換です。データが失われる可能性があります。
c:\users\student\desktop\完成\unlimted.cpp(262): warning C4244: '初期化中': 'float' から 'int' への変換です。データが失われる可能性があります。
c:\users\student\desktop\完成\unlimted.cpp(296): warning C4244: '初期化中': 'float' から 'int' への変換です。データが失われる可能性があります。
c:\users\student\desktop\完成\unlimted.cpp(297): warning C4244: '初期化中': 'float' から 'int' への変換です。データが失われる可能性があります。
  title.cpp
  spider.cpp
c:\users\student\desktop\完成\spider.cpp(140): warning C4477: 'fscanf' : 書式文字列 '%d' には、型 'int *' の引数が必要ですが、可変個引数 3 は型 'bool *' です
c:\users\student\desktop\完成\spider.cpp(754): warning C4244: '=': 'double' から 'float' への変換です。データが失われる可能性があります。
c:\users\student\desktop\完成\spider.cpp(747): warning C4101: 'nSide': ローカル変数は 1 度も使われていません。
c:\users\student\desktop\完成\spider.cpp(833): warning C4305: '引数': 'double' から 'float' へ切り詰めます。
  select.cpp
  result.cpp
  picture.cpp
  main.cpp
  Magazine.cpp
c:\users\student\desktop\完成\magazine.cpp(118): warning C4101: 'nCntMagazine': ローカル変数は 1 度も使われていません。
  5wave.cpp
c:\users\student\desktop\完成\5wave.cpp(234): warning C4244: '初期化中': 'float' から 'int' への変換です。データが失われる可能性があります。
c:\users\student\desktop\完成\5wave.cpp(235): warning C4244: '初期化中': 'float' から 'int' への変換です。データが失われる可能性があります。
  コードを生成中...
  3Dタワーディフェンス.vcxproj -> C:\Users\student\Desktop\完成\Debug\3Dタワーディフェンス.exe
  3Dタワーディフェンス.vcxproj -> C:\Users\student\Desktop\完成\Debug\3Dタワーディフェンス.pdb (Full PDB)
