  5wave.cpp
  bullet.cpp
  camera.cpp
camera.cpp(35): warning C4244: '=': 'float' から 'LONG' への変換です。データが失われる可能性があります。
camera.cpp(36): warning C4244: '=': 'float' から 'LONG' への変換です。データが失われる可能性があります。
camera.cpp(37): warning C4244: '=': 'float' から 'LONG' への変換です。データが失われる可能性があります。
camera.cpp(38): warning C4244: '=': 'float' から 'LONG' への変換です。データが失われる可能性があります。
camera.cpp(107): warning C4244: '=': 'float' から 'LONG' への変換です。データが失われる可能性があります。
camera.cpp(108): warning C4244: '=': 'float' から 'LONG' への変換です。データが失われる可能性があります。
camera.cpp(121): warning C4244: '=': 'float' から 'int' への変換です。データが失われる可能性があります。
camera.cpp(125): warning C4244: '=': 'float' から 'int' への変換です。データが失われる可能性があります。
camera.cpp(171): warning C4244: '-=': 'double' から 'float' への変換です。データが失われる可能性があります。
camera.cpp(177): warning C4244: '+=': 'double' から 'float' への変換です。データが失われる可能性があります。
camera.cpp(186): warning C4244: '-=': 'double' から 'float' への変換です。データが失われる可能性があります。
camera.cpp(195): warning C4244: '+=': 'double' から 'float' への変換です。データが失われる可能性があります。
  cube.cpp
  enemycount.cpp
  gunmodel.cpp
gunmodel.cpp(325): warning C4101: 'fAngle': ローカル変数は 1 度も使われていません。
  Magazine.cpp
Magazine.cpp(117): warning C4101: 'nCntMagazine': ローカル変数は 1 度も使われていません。
  picture.cpp
  rank.cpp
rank.cpp(36): warning C4244: '引数': 'int' から 'FLOAT' への変換です。データが失われる可能性があります。
rank.cpp(153): warning C4101: 'pFile': ローカル変数は 1 度も使われていません。
  score.cpp
  select.cpp
  Sound.cpp
  spider.cpp
spider.cpp(138): warning C4477: 'fscanf' : 書式文字列 '%d' には、型 'int *' の引数が必要ですが、可変個引数 3 は型 'bool *' です
spider.cpp(746): warning C4244: '=': 'double' から 'float' への変換です。データが失われる可能性があります。
spider.cpp(739): warning C4101: 'nSide': ローカル変数は 1 度も使われていません。
spider.cpp(772): warning C4101: 'fAngle': ローカル変数は 1 度も使われていません。
  fade.cpp
  floo.cpp
  guneffect.cpp
  keyinput.cpp
  light.cpp
  main.cpp
  mouseinput.cpp
  コンパイル中...
  player.cpp
  girl.cpp
girl.cpp(154): warning C4244: '引数': 'double' から 'FLOAT' への変換です。データが失われる可能性があります。
girl.cpp(155): warning C4244: '引数': 'double' から 'FLOAT' への変換です。データが失われる可能性があります。
girl.cpp(156): warning C4244: '引数': 'double' から 'FLOAT' への変換です。データが失われる可能性があります。
girl.cpp(157): warning C4244: '引数': 'double' から 'FLOAT' への変換です。データが失われる可能性があります。
  result.cpp
  shadow.cpp
  title.cpp
  turret.cpp
  ui.cpp
  wall.cpp
  worldsky.cpp
  コード生成しています。
  211 of 212 functions (99.5%) were compiled, the rest were copied from previous compilation.
    97 functions were new in current compilation
    0 functions had inline decision re-evaluated but remain unchanged
  コード生成が終了しました。
  3Dタワーディフェンス.vcxproj -> C:\Users\student\Desktop\3Dタワーディフェンス_3_22_幸宏2\Release\3Dタワーディフェンス.exe
  3Dタワーディフェンス.vcxproj -> C:\Users\student\Desktop\3Dタワーディフェンス_3_22_幸宏2\Release\3Dタワーディフェンス.pdb (Full PDB)
