  wall.cpp
  Shadow.cpp
  Polygon.cpp
  Object.cpp
c:\users\student\desktop\git\3dgame_progress\program\エフェクト\object.cpp(168): warning C4018: '<': signed と unsigned の数値を比較しようとしました。
  Model.cpp
c:\users\student\desktop\git\3dgame_progress\program\エフェクト\model.cpp(211): warning C4305: '+=': 'double' から 'float' へ切り詰めます。
c:\users\student\desktop\git\3dgame_progress\program\エフェクト\model.cpp(239): warning C4305: '-=': 'double' から 'float' へ切り詰めます。
  main.cpp
  ligth.cpp
  input.cpp
  Enemy.cpp
  Effect.cpp
  camera.cpp
c:\users\student\desktop\git\3dgame_progress\program\エフェクト\camera.cpp(101): warning C4244: '=': 'double' から 'float' への変換です。データが失われる可能性があります。
c:\users\student\desktop\git\3dgame_progress\program\エフェクト\camera.cpp(102): warning C4244: '=': 'double' から 'float' への変換です。データが失われる可能性があります。
c:\users\student\desktop\git\3dgame_progress\program\エフェクト\camera.cpp(112): warning C4244: '=': 'double' から 'float' への変換です。データが失われる可能性があります。
c:\users\student\desktop\git\3dgame_progress\program\エフェクト\camera.cpp(113): warning C4244: '=': 'double' から 'float' への変換です。データが失われる可能性があります。
c:\users\student\desktop\git\3dgame_progress\program\エフェクト\camera.cpp(121): warning C4244: '=': 'double' から 'float' への変換です。データが失われる可能性があります。
c:\users\student\desktop\git\3dgame_progress\program\エフェクト\camera.cpp(122): warning C4244: '=': 'double' から 'float' への変換です。データが失われる可能性があります。
c:\users\student\desktop\git\3dgame_progress\program\エフェクト\camera.cpp(192): warning C4244: '=': 'double' から 'float' への変換です。データが失われる可能性があります。
c:\users\student\desktop\git\3dgame_progress\program\エフェクト\camera.cpp(193): warning C4244: '=': 'double' から 'float' への変換です。データが失われる可能性があります。
c:\users\student\desktop\git\3dgame_progress\program\エフェクト\camera.cpp(194): warning C4244: '=': 'double' から 'float' への変換です。データが失われる可能性があります。
c:\users\student\desktop\git\3dgame_progress\program\エフェクト\camera.cpp(202): warning C4244: '=': 'double' から 'float' への変換です。データが失われる可能性があります。
c:\users\student\desktop\git\3dgame_progress\program\エフェクト\camera.cpp(203): warning C4244: '=': 'double' から 'float' への変換です。データが失われる可能性があります。
c:\users\student\desktop\git\3dgame_progress\program\エフェクト\camera.cpp(211): warning C4244: '=': 'double' から 'float' への変換です。データが失われる可能性があります。
c:\users\student\desktop\git\3dgame_progress\program\エフェクト\camera.cpp(212): warning C4244: '=': 'double' から 'float' への変換です。データが失われる可能性があります。
  Bullet.cpp
  Billboard.cpp
  コードを生成中...
  3DPolygon.vcxproj -> C:\Users\student\Desktop\git\3DGame_Progress\program\エフェクト\Debug\3DPolygon.exe
  3DPolygon.vcxproj -> C:\Users\student\Desktop\git\3DGame_Progress\program\エフェクト\Debug\3DPolygon.pdb (Full PDB)
