c:\users\student\desktop\visual studio 2015\projects\3d\３dポリゴンの描画雛形\3dpolygon\debug\vc140.pdb
c:\users\student\desktop\visual studio 2015\projects\3d\３dポリゴンの描画雛形\3dpolygon\debug\vc140.idb
c:\users\student\desktop\visual studio 2015\projects\3d\３dポリゴンの描画雛形\3dpolygon\debug\billboard.obj
c:\users\student\desktop\visual studio 2015\projects\3d\３dポリゴンの描画雛形\3dpolygon\debug\bullet.obj
c:\users\student\desktop\visual studio 2015\projects\3d\３dポリゴンの描画雛形\3dpolygon\debug\model.obj
c:\users\student\desktop\visual studio 2015\projects\3d\３dポリゴンの描画雛形\3dpolygon\debug\polygon.obj
c:\users\student\desktop\visual studio 2015\projects\3d\３dポリゴンの描画雛形\3dpolygon\debug\shadow.obj
c:\users\student\desktop\visual studio 2015\projects\3d\３dポリゴンの描画雛形\3dpolygon\debug\camera.obj
c:\users\student\desktop\visual studio 2015\projects\3d\３dポリゴンの描画雛形\3dpolygon\debug\input.obj
c:\users\student\desktop\visual studio 2015\projects\3d\３dポリゴンの描画雛形\3dpolygon\debug\ligth.obj
c:\users\student\desktop\visual studio 2015\projects\3d\３dポリゴンの描画雛形\3dpolygon\debug\main.obj
c:\users\student\desktop\visual studio 2015\projects\3d\３dポリゴンの描画雛形\3dpolygon\debug\wall.obj
c:\users\student\desktop\visual studio 2015\projects\3d\３dポリゴンの描画雛形\3dpolygon\debug\player.obj
c:\users\student\desktop\visual studio 2015\projects\3d\３dポリゴンの描画雛形\3dpolygon\debug\object.obj
c:\users\student\desktop\visual studio 2015\projects\3d\３dポリゴンの描画雛形\3dpolygon\debug\gamepad.obj
c:\users\student\desktop\visual studio 2015\projects\3d\３dポリゴンの描画雛形\3dpolygon\debug\camera.obj.enc
c:\users\student\desktop\visual studio 2015\projects\3d\３dポリゴンの描画雛形\3dpolygon\debug\main.obj.enc
c:\users\student\desktop\visual studio 2015\projects\3d\３dポリゴンの描画雛形\3dpolygon\debug\model.obj.enc
c:\users\student\desktop\visual studio 2015\projects\3d\３dポリゴンの描画雛形\3dpolygon\debug\object.obj.enc
c:\users\student\desktop\visual studio 2015\projects\3d\３dポリゴンの描画雛形\3dpolygon\debug\3dpolygon.pdb
c:\users\student\desktop\visual studio 2015\projects\3d\３dポリゴンの描画雛形\3dpolygon\debug\3dpolygon.tlog\cl.command.1.tlog
c:\users\student\desktop\visual studio 2015\projects\3d\３dポリゴンの描画雛形\3dpolygon\debug\3dpolygon.tlog\cl.read.1.tlog
c:\users\student\desktop\visual studio 2015\projects\3d\３dポリゴンの描画雛形\3dpolygon\debug\3dpolygon.tlog\cl.write.1.tlog
c:\users\student\desktop\visual studio 2015\projects\3d\３dポリゴンの描画雛形\3dpolygon\debug\3dpolygon.tlog\link-cvtres.read.1.tlog
c:\users\student\desktop\visual studio 2015\projects\3d\３dポリゴンの描画雛形\3dpolygon\debug\3dpolygon.tlog\link-cvtres.write.1.tlog
c:\users\student\desktop\visual studio 2015\projects\3d\３dポリゴンの描画雛形\3dpolygon\debug\3dpolygon.tlog\link-rc.read.1.tlog
c:\users\student\desktop\visual studio 2015\projects\3d\３dポリゴンの描画雛形\3dpolygon\debug\3dpolygon.tlog\link-rc.write.1.tlog
c:\users\student\desktop\visual studio 2015\projects\3d\３dポリゴンの描画雛形\3dpolygon\debug\3dpolygon.tlog\link.19548-cvtres.read.1.tlog
c:\users\student\desktop\visual studio 2015\projects\3d\３dポリゴンの描画雛形\3dpolygon\debug\3dpolygon.tlog\link.19548-cvtres.write.1.tlog
c:\users\student\desktop\visual studio 2015\projects\3d\３dポリゴンの描画雛形\3dpolygon\debug\3dpolygon.tlog\link.19548-rc.read.1.tlog
c:\users\student\desktop\visual studio 2015\projects\3d\３dポリゴンの描画雛形\3dpolygon\debug\3dpolygon.tlog\link.19548-rc.write.1.tlog
c:\users\student\desktop\visual studio 2015\projects\3d\３dポリゴンの描画雛形\3dpolygon\debug\3dpolygon.tlog\link.19548.read.1.tlog
c:\users\student\desktop\visual studio 2015\projects\3d\３dポリゴンの描画雛形\3dpolygon\debug\3dpolygon.tlog\link.19548.write.1.tlog
c:\users\student\desktop\visual studio 2015\projects\3d\３dポリゴンの描画雛形\3dpolygon\debug\3dpolygon.tlog\link.command.1.tlog
c:\users\student\desktop\visual studio 2015\projects\3d\３dポリゴンの描画雛形\3dpolygon\debug\3dpolygon.tlog\link.read.1.tlog
c:\users\student\desktop\visual studio 2015\projects\3d\３dポリゴンの描画雛形\3dpolygon\debug\3dpolygon.tlog\link.write.1.tlog
