c:\users\student\desktop\3dタワーディフェンス_3_22_幸宏2\debug\vc140.pdb
c:\users\student\desktop\3dタワーディフェンス_3_22_幸宏2\debug\vc140.idb
c:\users\student\desktop\3dタワーディフェンス_3_22_幸宏2\debug\score.obj
c:\users\student\desktop\3dタワーディフェンス_3_22_幸宏2\debug\select.obj
c:\users\student\desktop\3dタワーディフェンス_3_22_幸宏2\debug\sound.obj
c:\users\student\desktop\3dタワーディフェンス_3_22_幸宏2\debug\spider.obj
c:\users\student\desktop\3dタワーディフェンス_3_22_幸宏2\debug\fade.obj
c:\users\student\desktop\3dタワーディフェンス_3_22_幸宏2\debug\floo.obj
c:\users\student\desktop\3dタワーディフェンス_3_22_幸宏2\debug\guneffect.obj
c:\users\student\desktop\3dタワーディフェンス_3_22_幸宏2\debug\keyinput.obj
c:\users\student\desktop\3dタワーディフェンス_3_22_幸宏2\debug\light.obj
c:\users\student\desktop\3dタワーディフェンス_3_22_幸宏2\debug\main.obj
c:\users\student\desktop\3dタワーディフェンス_3_22_幸宏2\debug\mouseinput.obj
c:\users\student\desktop\3dタワーディフェンス_3_22_幸宏2\debug\player.obj
c:\users\student\desktop\3dタワーディフェンス_3_22_幸宏2\debug\girl.obj
c:\users\student\desktop\3dタワーディフェンス_3_22_幸宏2\debug\result.obj
c:\users\student\desktop\3dタワーディフェンス_3_22_幸宏2\debug\shadow.obj
c:\users\student\desktop\3dタワーディフェンス_3_22_幸宏2\debug\title.obj
c:\users\student\desktop\3dタワーディフェンス_3_22_幸宏2\debug\turret.obj
c:\users\student\desktop\3dタワーディフェンス_3_22_幸宏2\debug\ui.obj
c:\users\student\desktop\3dタワーディフェンス_3_22_幸宏2\debug\wall.obj
c:\users\student\desktop\3dタワーディフェンス_3_22_幸宏2\debug\worldsky.obj
c:\users\student\desktop\3dタワーディフェンス_3_22_幸宏2\debug\5wave.obj
c:\users\student\desktop\3dタワーディフェンス_3_22_幸宏2\debug\bullet.obj
c:\users\student\desktop\3dタワーディフェンス_3_22_幸宏2\debug\camera.obj
c:\users\student\desktop\3dタワーディフェンス_3_22_幸宏2\debug\cube.obj
c:\users\student\desktop\3dタワーディフェンス_3_22_幸宏2\debug\enemycount.obj
c:\users\student\desktop\3dタワーディフェンス_3_22_幸宏2\debug\gunmodel.obj
c:\users\student\desktop\3dタワーディフェンス_3_22_幸宏2\debug\magazine.obj
c:\users\student\desktop\3dタワーディフェンス_3_22_幸宏2\debug\picture.obj
c:\users\student\desktop\3dタワーディフェンス_3_22_幸宏2\debug\rank.obj
c:\users\student\desktop\3dタワーディフェンス_3_22_幸宏2\debug\unlimted.obj
c:\users\student\desktop\3dタワーディフェンス_3_22_幸宏2\debug\3dタワーディフェンス.ilk
c:\users\student\desktop\3dタワーディフェンス_3_22_幸宏2\debug\3dタワーディフェンス.exe
c:\users\student\desktop\3dタワーディフェンス_3_22_幸宏2\debug\3dタワーディフェンス.pdb
c:\users\student\desktop\3dタワーディフェンス_3_22_幸宏2\debug\obstacle.obj
c:\users\student\desktop\3dタワーディフェンス_3_22_幸宏2\debug\5wave.obj.enc
c:\users\student\desktop\3dタワーディフェンス_3_22_幸宏2\debug\3dタワーディフェンス.tlog\cl.command.1.tlog
c:\users\student\desktop\3dタワーディフェンス_3_22_幸宏2\debug\3dタワーディフェンス.tlog\cl.read.1.tlog
c:\users\student\desktop\3dタワーディフェンス_3_22_幸宏2\debug\3dタワーディフェンス.tlog\cl.write.1.tlog
c:\users\student\desktop\3dタワーディフェンス_3_22_幸宏2\debug\3dタワーディフェンス.tlog\link.command.1.tlog
c:\users\student\desktop\3dタワーディフェンス_3_22_幸宏2\debug\3dタワーディフェンス.tlog\link.read.1.tlog
c:\users\student\desktop\3dタワーディフェンス_3_22_幸宏2\debug\3dタワーディフェンス.tlog\link.write.1.tlog
